# JRE version: OpenJDK Runtime Environment Temurin-17.0.11+9 (17.0.11+9) (build 17.0.11+9)
# Java VM: OpenJDK 64-Bit Server VM Temurin-17.0.11+9 (17.0.11+9, mixed mode, tiered, compressed oops, compressed class ptrs, parallel gc, windows-amd64)
GC Precious Log:
 CPUs: 8 total, 8 available
 Memory: 8029M
 Large Page Support: Disabled
 NUMA Support: Disabled
 Compressed Oops: Enabled (32-bit)
 Alignments: Space 512K, Generation 512K, Heap 2M
 Heap Min Capacity: 100M
 Heap Initial Capacity: 100M
 Heap Max Capacity: 1G
 Pre-touch: Disabled
 Parallel Workers: 8
Heap:
 PSYoungGen      total 18432K, used 9330K [0x00000000eab00000, 0x00000000ec400000, 0x0000000100000000)
  eden space 13312K, 70% used [0x00000000eab00000,0x00000000eb41cb58,0x00000000eb800000)
  from space 5120K, 0% used [0x00000000eb800000,0x00000000eb800000,0x00000000ebd00000)
  to   space 5120K, 0% used [0x00000000ebf00000,0x00000000ebf00000,0x00000000ec400000)
 ParOldGen       total 331264K, used 286047K [0x00000000c0000000, 0x00000000d4380000, 0x00000000eab00000)
  object space 331264K, 86% used [0x00000000c0000000,0x00000000d1757e20,0x00000000d4380000)
 Metaspace       used 68832K, committed 70080K, reserved 1114112K
  class space    used 7874K, committed 8384K, reserved 1048576K
GC Heap History (20 events):
Event: 77.144 GC heap before
{Heap before GC invocations=284 (full 12):
 PSYoungGen      total 18944K, used 18875K [0x00000000eab00000, 0x00000000ec700000, 0x0000000100000000)
  eden space 11264K, 100% used [0x00000000eab00000,0x00000000eb600000,0x00000000eb600000)
  from space 7680K, 99% used [0x00000000eb600000,0x00000000ebd6edb8,0x00000000ebd80000)
  to   space 8192K, 0% used [0x00000000ebf00000,0x00000000ebf00000,0x00000000ec700000)
 ParOldGen       total 287232K, used 250679K [0x00000000c0000000, 0x00000000d1880000, 0x00000000eab00000)
  object space 287232K, 87% used [0x00000000c0000000,0x00000000cf4cdd90,0x00000000d1880000)
 Metaspace       used 68832K, committed 70080K, reserved 1114112K
  class space    used 7874K, committed 8384K, reserved 1048576K
}
Event: 77.151 GC heap after
{Heap after GC invocations=284 (full 12):
 PSYoungGen      total 16896K, used 8176K [0x00000000eab00000, 0x00000000ece00000, 0x0000000100000000)
  eden space 8704K, 0% used [0x00000000eab00000,0x00000000eab00000,0x00000000eb380000)
  from space 8192K, 99% used [0x00000000ebf00000,0x00000000ec6fc140,0x00000000ec700000)
  to   space 11776K, 0% used [0x00000000eb380000,0x00000000eb380000,0x00000000ebf00000)
 ParOldGen       total 287232K, used 253321K [0x00000000c0000000, 0x00000000d1880000, 0x00000000eab00000)
  object space 287232K, 88% used [0x00000000c0000000,0x00000000cf762610,0x00000000d1880000)
 Metaspace       used 68832K, committed 70080K, reserved 1114112K
  class space    used 7874K, committed 8384K, reserved 1048576K
}
Event: 77.191 GC heap before
{Heap before GC invocations=285 (full 12):
 PSYoungGen      total 16896K, used 16880K [0x00000000eab00000, 0x00000000ece00000, 0x0000000100000000)
  eden space 8704K, 100% used [0x00000000eab00000,0x00000000eb380000,0x00000000eb380000)
  from space 8192K, 99% used [0x00000000ebf00000,0x00000000ec6fc140,0x00000000ec700000)
  to   space 11776K, 0% used [0x00000000eb380000,0x00000000eb380000,0x00000000ebf00000)
 ParOldGen       total 287232K, used 253321K [0x00000000c0000000, 0x00000000d1880000, 0x00000000eab00000)
  object space 287232K, 88% used [0x00000000c0000000,0x00000000cf762610,0x00000000d1880000)
 Metaspace       used 68832K, committed 70080K, reserved 1114112K
  class space    used 7874K, committed 8384K, reserved 1048576K
}
Event: 77.197 GC heap after
{Heap after GC invocations=285 (full 12):
 PSYoungGen      total 14848K, used 5922K [0x00000000eab00000, 0x00000000ec480000, 0x0000000100000000)
  eden space 8704K, 0% used [0x00000000eab00000,0x00000000eab00000,0x00000000eb380000)
  from space 6144K, 96% used [0x00000000eb380000,0x00000000eb948820,0x00000000eb980000)
  to   space 8192K, 0% used [0x00000000ebc80000,0x00000000ebc80000,0x00000000ec480000)
 ParOldGen       total 287232K, used 257414K [0x00000000c0000000, 0x00000000d1880000, 0x00000000eab00000)
  object space 287232K, 89% used [0x00000000c0000000,0x00000000cfb61938,0x00000000d1880000)
 Metaspace       used 68832K, committed 70080K, reserved 1114112K
  class space    used 7874K, committed 8384K, reserved 1048576K
}
Event: 77.230 GC heap before
{Heap before GC invocations=286 (full 12):
 PSYoungGen      total 14848K, used 14626K [0x00000000eab00000, 0x00000000ec480000, 0x0000000100000000)
  eden space 8704K, 100% used [0x00000000eab00000,0x00000000eb380000,0x00000000eb380000)
  from space 6144K, 96% used [0x00000000eb380000,0x00000000eb948820,0x00000000eb980000)
  to   space 8192K, 0% used [0x00000000ebc80000,0x00000000ebc80000,0x00000000ec480000)
 ParOldGen       total 287232K, used 257414K [0x00000000c0000000, 0x00000000d1880000, 0x00000000eab00000)
  object space 287232K, 89% used [0x00000000c0000000,0x00000000cfb61938,0x00000000d1880000)
 Metaspace       used 68832K, committed 70080K, reserved 1114112K
  class space    used 7874K, committed 8384K, reserved 1048576K
}
Event: 77.238 GC heap after
{Heap after GC invocations=286 (full 12):
 PSYoungGen      total 16896K, used 8167K [0x00000000eab00000, 0x00000000ec680000, 0x0000000100000000)
  eden space 8704K, 0% used [0x00000000eab00000,0x00000000eab00000,0x00000000eb380000)
  from space 8192K, 99% used [0x00000000ebc80000,0x00000000ec479c60,0x00000000ec480000)
  to   space 9216K, 0% used [0x00000000eb380000,0x00000000eb380000,0x00000000ebc80000)
 ParOldGen       total 287232K, used 257722K [0x00000000c0000000, 0x00000000d1880000, 0x00000000eab00000)
  object space 287232K, 89% used [0x00000000c0000000,0x00000000cfbaea00,0x00000000d1880000)
 Metaspace       used 68832K, committed 70080K, reserved 1114112K
  class space    used 7874K, committed 8384K, reserved 1048576K
}
Event: 77.257 GC heap before
{Heap before GC invocations=287 (full 12):
 PSYoungGen      total 16896K, used 16871K [0x00000000eab00000, 0x00000000ec680000, 0x0000000100000000)
  eden space 8704K, 100% used [0x00000000eab00000,0x00000000eb380000,0x00000000eb380000)
  from space 8192K, 99% used [0x00000000ebc80000,0x00000000ec479c60,0x00000000ec480000)
  to   space 9216K, 0% used [0x00000000eb380000,0x00000000eb380000,0x00000000ebc80000)
 ParOldGen       total 287232K, used 257722K [0x00000000c0000000, 0x00000000d1880000, 0x00000000eab00000)
  object space 287232K, 89% used [0x00000000c0000000,0x00000000cfbaea00,0x00000000d1880000)
 Metaspace       used 68832K, committed 70080K, reserved 1114112K
  class space    used 7874K, committed 8384K, reserved 1048576K
}
Event: 77.264 GC heap after
{Heap after GC invocations=287 (full 12):
 PSYoungGen      total 17920K, used 7063K [0x00000000eab00000, 0x00000000ec400000, 0x0000000100000000)
  eden space 8704K, 0% used [0x00000000eab00000,0x00000000eab00000,0x00000000eb380000)
  from space 9216K, 76% used [0x00000000eb380000,0x00000000eba65fe8,0x00000000ebc80000)
  to   space 7680K, 0% used [0x00000000ebc80000,0x00000000ebc80000,0x00000000ec400000)
 ParOldGen       total 287232K, used 261530K [0x00000000c0000000, 0x00000000d1880000, 0x00000000eab00000)
  object space 287232K, 91% used [0x00000000c0000000,0x00000000cff66a38,0x00000000d1880000)
 Metaspace       used 68832K, committed 70080K, reserved 1114112K
  class space    used 7874K, committed 8384K, reserved 1048576K
}
Event: 77.293 GC heap before
{Heap before GC invocations=288 (full 12):
 PSYoungGen      total 17920K, used 15767K [0x00000000eab00000, 0x00000000ec400000, 0x0000000100000000)
  eden space 8704K, 100% used [0x00000000eab00000,0x00000000eb380000,0x00000000eb380000)
  from space 9216K, 76% used [0x00000000eb380000,0x00000000eba65fe8,0x00000000ebc80000)
  to   space 7680K, 0% used [0x00000000ebc80000,0x00000000ebc80000,0x00000000ec400000)
 ParOldGen       total 287232K, used 261530K [0x00000000c0000000, 0x00000000d1880000, 0x00000000eab00000)
  object space 287232K, 91% used [0x00000000c0000000,0x00000000cff66a38,0x00000000d1880000)
 Metaspace       used 68832K, committed 70080K, reserved 1114112K
  class space    used 7874K, committed 8384K, reserved 1048576K
}
Event: 77.301 GC heap after
{Heap after GC invocations=288 (full 12):
 PSYoungGen      total 15872K, used 5430K [0x00000000eab00000, 0x00000000ec200000, 0x0000000100000000)
  eden space 10240K, 0% used [0x00000000eab00000,0x00000000eab00000,0x00000000eb500000)
  from space 5632K, 96% used [0x00000000ebc80000,0x00000000ec1cd880,0x00000000ec200000)
  to   space 6144K, 0% used [0x00000000eb600000,0x00000000eb600000,0x00000000ebc00000)
 ParOldGen       total 287232K, used 265766K [0x00000000c0000000, 0x00000000d1880000, 0x00000000eab00000)
  object space 287232K, 92% used [0x00000000c0000000,0x00000000d0389a38,0x00000000d1880000)
 Metaspace       used 68832K, committed 70080K, reserved 1114112K
  class space    used 7874K, committed 8384K, reserved 1048576K
}
Event: 77.330 GC heap before
{Heap before GC invocations=289 (full 12):
 PSYoungGen      total 15872K, used 15658K [0x00000000eab00000, 0x00000000ec200000, 0x0000000100000000)
  eden space 10240K, 99% used [0x00000000eab00000,0x00000000eb4fd038,0x00000000eb500000)
  from space 5632K, 96% used [0x00000000ebc80000,0x00000000ec1cd880,0x00000000ec200000)
  to   space 6144K, 0% used [0x00000000eb600000,0x00000000eb600000,0x00000000ebc00000)
 ParOldGen       total 287232K, used 265766K [0x00000000c0000000, 0x00000000d1880000, 0x00000000eab00000)
  object space 287232K, 92% used [0x00000000c0000000,0x00000000d0389a38,0x00000000d1880000)
 Metaspace       used 68832K, committed 70080K, reserved 1114112K
  class space    used 7874K, committed 8384K, reserved 1048576K
}
Event: 77.335 GC heap after
{Heap after GC invocations=289 (full 12):
 PSYoungGen      total 15360K, used 3691K [0x00000000eab00000, 0x00000000ebf80000, 0x0000000100000000)
  eden space 11264K, 0% used [0x00000000eab00000,0x00000000eab00000,0x00000000eb600000)
  from space 4096K, 90% used [0x00000000eb600000,0x00000000eb99ad00,0x00000000eba00000)
  to   space 4608K, 0% used [0x00000000ebb00000,0x00000000ebb00000,0x00000000ebf80000)
 ParOldGen       total 287232K, used 270887K [0x00000000c0000000, 0x00000000d1880000, 0x00000000eab00000)
  object space 287232K, 94% used [0x00000000c0000000,0x00000000d0889cb0,0x00000000d1880000)
 Metaspace       used 68832K, committed 70080K, reserved 1114112K
  class space    used 7874K, committed 8384K, reserved 1048576K
}
Event: 77.353 GC heap before
{Heap before GC invocations=290 (full 12):
 PSYoungGen      total 15360K, used 14949K [0x00000000eab00000, 0x00000000ebf80000, 0x0000000100000000)
  eden space 11264K, 99% used [0x00000000eab00000,0x00000000eb5fe810,0x00000000eb600000)
  from space 4096K, 90% used [0x00000000eb600000,0x00000000eb99ad00,0x00000000eba00000)
  to   space 4608K, 0% used [0x00000000ebb00000,0x00000000ebb00000,0x00000000ebf80000)
 ParOldGen       total 287232K, used 270887K [0x00000000c0000000, 0x00000000d1880000, 0x00000000eab00000)
  object space 287232K, 94% used [0x00000000c0000000,0x00000000d0889cb0,0x00000000d1880000)
 Metaspace       used 68832K, committed 70080K, reserved 1114112K
  class space    used 7874K, committed 8384K, reserved 1048576K
}
Event: 77.357 GC heap after
{Heap after GC invocations=290 (full 12):
 PSYoungGen      total 16384K, used 4410K [0x00000000eab00000, 0x00000000ec080000, 0x0000000100000000)
  eden space 11776K, 0% used [0x00000000eab00000,0x00000000eab00000,0x00000000eb680000)
  from space 4608K, 95% used [0x00000000ebb00000,0x00000000ebf4e9f8,0x00000000ebf80000)
  to   space 4608K, 0% used [0x00000000eb680000,0x00000000eb680000,0x00000000ebb00000)
 ParOldGen       total 287232K, used 274420K [0x00000000c0000000, 0x00000000d1880000, 0x00000000eab00000)
  object space 287232K, 95% used [0x00000000c0000000,0x00000000d0bfd280,0x00000000d1880000)
 Metaspace       used 68832K, committed 70080K, reserved 1114112K
  class space    used 7874K, committed 8384K, reserved 1048576K
}
Event: 77.378 GC heap before
{Heap before GC invocations=291 (full 12):
 PSYoungGen      total 16384K, used 16186K [0x00000000eab00000, 0x00000000ec080000, 0x0000000100000000)
  eden space 11776K, 100% used [0x00000000eab00000,0x00000000eb680000,0x00000000eb680000)
  from space 4608K, 95% used [0x00000000ebb00000,0x00000000ebf4e9f8,0x00000000ebf80000)
  to   space 4608K, 0% used [0x00000000eb680000,0x00000000eb680000,0x00000000ebb00000)
 ParOldGen       total 287232K, used 274420K [0x00000000c0000000, 0x00000000d1880000, 0x00000000eab00000)
  object space 287232K, 95% used [0x00000000c0000000,0x00000000d0bfd280,0x00000000d1880000)
 Metaspace       used 68832K, committed 70080K, reserved 1114112K
  class space    used 7874K, committed 8384K, reserved 1048576K
}
Event: 77.382 GC heap after
{Heap after GC invocations=291 (full 12):
 PSYoungGen      total 16384K, used 4591K [0x00000000eab00000, 0x00000000ec200000, 0x0000000100000000)
  eden space 11776K, 0% used [0x00000000eab00000,0x00000000eab00000,0x00000000eb680000)
  from space 4608K, 99% used [0x00000000eb680000,0x00000000ebafbfc0,0x00000000ebb00000)
  to   space 5120K, 0% used [0x00000000ebd00000,0x00000000ebd00000,0x00000000ec200000)
 ParOldGen       total 287232K, used 278763K [0x00000000c0000000, 0x00000000d1880000, 0x00000000eab00000)
  object space 287232K, 97% used [0x00000000c0000000,0x00000000d103ae70,0x00000000d1880000)
 Metaspace       used 68832K, committed 70080K, reserved 1114112K
  class space    used 7874K, committed 8384K, reserved 1048576K
}
Event: 77.400 GC heap before
{Heap before GC invocations=292 (full 12):
 PSYoungGen      total 16384K, used 16367K [0x00000000eab00000, 0x00000000ec200000, 0x0000000100000000)
  eden space 11776K, 100% used [0x00000000eab00000,0x00000000eb680000,0x00000000eb680000)
  from space 4608K, 99% used [0x00000000eb680000,0x00000000ebafbfc0,0x00000000ebb00000)
  to   space 5120K, 0% used [0x00000000ebd00000,0x00000000ebd00000,0x00000000ec200000)
 ParOldGen       total 287232K, used 278763K [0x00000000c0000000, 0x00000000d1880000, 0x00000000eab00000)
  object space 287232K, 97% used [0x00000000c0000000,0x00000000d103ae70,0x00000000d1880000)
 Metaspace       used 68832K, committed 70080K, reserved 1114112K
  class space    used 7874K, committed 8384K, reserved 1048576K
}
Event: 77.406 GC heap after
{Heap after GC invocations=292 (full 12):
 PSYoungGen      total 18432K, used 4928K [0x00000000eab00000, 0x00000000ec200000, 0x0000000100000000)
  eden space 13312K, 0% used [0x00000000eab00000,0x00000000eab00000,0x00000000eb800000)
  from space 5120K, 96% used [0x00000000ebd00000,0x00000000ec1d01f8,0x00000000ec200000)
  to   space 5120K, 0% used [0x00000000eb800000,0x00000000eb800000,0x00000000ebd00000)
 ParOldGen       total 287232K, used 283195K [0x00000000c0000000, 0x00000000d1880000, 0x00000000eab00000)
  object space 287232K, 98% used [0x00000000c0000000,0x00000000d148ee48,0x00000000d1880000)
 Metaspace       used 68832K, committed 70080K, reserved 1114112K
  class space    used 7874K, committed 8384K, reserved 1048576K
}
Event: 77.406 GC heap before
{Heap before GC invocations=293 (full 13):
 PSYoungGen      total 18432K, used 4928K [0x00000000eab00000, 0x00000000ec200000, 0x0000000100000000)
  eden space 13312K, 0% used [0x00000000eab00000,0x00000000eab00000,0x00000000eb800000)
  from space 5120K, 96% used [0x00000000ebd00000,0x00000000ec1d01f8,0x00000000ec200000)
  to   space 5120K, 0% used [0x00000000eb800000,0x00000000eb800000,0x00000000ebd00000)
 ParOldGen       total 287232K, used 283195K [0x00000000c0000000, 0x00000000d1880000, 0x00000000eab00000)
  object space 287232K, 98% used [0x00000000c0000000,0x00000000d148ee48,0x00000000d1880000)
 Metaspace       used 68832K, committed 70080K, reserved 1114112K
  class space    used 7874K, committed 8384K, reserved 1048576K
}
Event: 77.588 GC heap after
{Heap after GC invocations=293 (full 13):
 PSYoungGen      total 18432K, used 0K [0x00000000eab00000, 0x00000000ec400000, 0x0000000100000000)
  eden space 13312K, 0% used [0x00000000eab00000,0x00000000eab00000,0x00000000eb800000)
  from space 5120K, 0% used [0x00000000eb800000,0x00000000eb800000,0x00000000ebd00000)
  to   space 5120K, 0% used [0x00000000ebf00000,0x00000000ebf00000,0x00000000ec400000)
 ParOldGen       total 331264K, used 286047K [0x00000000c0000000, 0x00000000d4380000, 0x00000000eab00000)
  object space 331264K, 86% used [0x00000000c0000000,0x00000000d1757e20,0x00000000d4380000)
 Metaspace       used 68832K, committed 70080K, reserved 1114112K
  class space    used 7874K, committed 8384K, reserved 1048576K
}

